2003.11.23 18:41 B C:\Sites\iskcon.com_v3\images\worldwide\centres\alachuadeities.jpg <-- pk_ISKCON /prod/images/worldwide/centres alachuadeities.jpg
2003.11.23 18:41 B C:\Sites\iskcon.com_v3\images\worldwide\centres\alachuagauranitai.jpg <-- pk_ISKCON /prod/images/worldwide/centres alachuagauranitai.jpg
2003.11.23 18:41 B C:\Sites\iskcon.com_v3\images\worldwide\centres\alachuaschool.jpg <-- pk_ISKCON /prod/images/worldwide/centres alachuaschool.jpg
2003.11.23 18:41 B C:\Sites\iskcon.com_v3\images\worldwide\centres\alachuatemple.jpg <-- pk_ISKCON /prod/images/worldwide/centres alachuatemple.jpg
2003.11.23 18:41 B C:\Sites\iskcon.com_v3\images\worldwide\centres\atlantaaltar.jpg <-- pk_ISKCON /prod/images/worldwide/centres atlantaaltar.jpg
2003.11.23 18:41 B C:\Sites\iskcon.com_v3\images\worldwide\centres\atlantagiftshop.jpg <-- pk_ISKCON /prod/images/worldwide/centres atlantagiftshop.jpg
2003.11.23 18:41 B C:\Sites\iskcon.com_v3\images\worldwide\centres\atlantaKkids.jpg <-- pk_ISKCON /prod/images/worldwide/centres atlantaKkids.jpg
2003.11.23 18:41 B C:\Sites\iskcon.com_v3\images\worldwide\centres\atlantaSFeast.jpg <-- pk_ISKCON /prod/images/worldwide/centres atlantaSFeast.jpg
2003.11.23 18:41 B C:\Sites\iskcon.com_v3\images\worldwide\centres\AtlantaSRMM.jpg <-- pk_ISKCON /prod/images/worldwide/centres AtlantaSRMM.jpg
2003.11.23 18:41 B C:\Sites\iskcon.com_v3\images\worldwide\centres\atlantaSSGN.jpg <-- pk_ISKCON /prod/images/worldwide/centres atlantaSSGN.jpg
2003.11.23 18:41 B C:\Sites\iskcon.com_v3\images\worldwide\centres\atlantaSSJBS.jpg <-- pk_ISKCON /prod/images/worldwide/centres atlantaSSJBS.jpg
2003.11.23 18:41 B C:\Sites\iskcon.com_v3\images\worldwide\centres\atlantatempleroom.jpg <-- pk_ISKCON /prod/images/worldwide/centres atlantatempleroom.jpg
2003.11.23 18:41 B C:\Sites\iskcon.com_v3\images\worldwide\centres\belfast.gif <-- pk_ISKCON /prod/images/worldwide/centres belfast.gif
2003.11.23 18:41 B C:\Sites\iskcon.com_v3\images\worldwide\centres\belfast.jpg <-- pk_ISKCON /prod/images/worldwide/centres belfast.jpg
2003.11.23 18:41 B C:\Sites\iskcon.com_v3\images\worldwide\centres\belfast1.jpg <-- pk_ISKCON /prod/images/worldwide/centres belfast1.jpg
2003.11.23 18:41 B C:\Sites\iskcon.com_v3\images\worldwide\centres\belfast1920.jpg <-- pk_ISKCON /prod/images/worldwide/centres belfast1920.jpg
2003.11.23 18:41 B C:\Sites\iskcon.com_v3\images\worldwide\centres\belfast3.jpg <-- pk_ISKCON /prod/images/worldwide/centres belfast3.jpg
2003.11.23 18:41 B C:\Sites\iskcon.com_v3\images\worldwide\centres\belfast_altar.jpg <-- pk_ISKCON /prod/images/worldwide/centres belfast_altar.jpg
2003.11.23 18:41 B C:\Sites\iskcon.com_v3\images\worldwide\centres\bergamo.jpg <-- pk_ISKCON /prod/images/worldwide/centres bergamo.jpg
2003.11.23 18:41 B C:\Sites\iskcon.com_v3\images\worldwide\centres\bostonaltar.jpg <-- pk_ISKCON /prod/images/worldwide/centres bostonaltar.jpg
2003.11.23 18:41 B C:\Sites\iskcon.com_v3\images\worldwide\centres\brooklyn-map.gif <-- pk_ISKCON /prod/images/worldwide/centres brooklyn-map.gif
2003.11.23 18:41 B C:\Sites\iskcon.com_v3\images\worldwide\centres\brooklyndeities.jpg <-- pk_ISKCON /prod/images/worldwide/centres brooklyndeities.jpg
2003.11.23 18:41 B C:\Sites\iskcon.com_v3\images\worldwide\centres\calgarytemple.jpg <-- pk_ISKCON /prod/images/worldwide/centres calgarytemple.jpg
2003.11.23 18:41 B C:\Sites\iskcon.com_v3\images\worldwide\centres\carriereGN.jpg <-- pk_ISKCON /prod/images/worldwide/centres carriereGN.jpg
2003.11.23 18:42 B C:\Sites\iskcon.com_v3\images\worldwide\centres\carriereRRK.jpg <-- pk_ISKCON /prod/images/worldwide/centres carriereRRK.jpg
2003.11.23 18:42 B C:\Sites\iskcon.com_v3\images\worldwide\centres\chicagotemple.jpg <-- pk_ISKCON /prod/images/worldwide/centres chicagotemple.jpg
2003.11.23 18:42 B C:\Sites\iskcon.com_v3\images\worldwide\centres\columbusjagannathadeities.j.jpg <-- pk_ISKCON /prod/images/worldwide/centres columbusjagannathadeities.j.jpg
2003.11.23 18:42 B C:\Sites\iskcon.com_v3\images\worldwide\centres\columbusRN.jpg <-- pk_ISKCON /prod/images/worldwide/centres columbusRN.jpg
2003.11.23 18:42 B C:\Sites\iskcon.com_v3\images\worldwide\centres\columbustemple.jpg <-- pk_ISKCON /prod/images/worldwide/centres columbustemple.jpg
2003.11.23 18:42 B C:\Sites\iskcon.com_v3\images\worldwide\centres\connecticutJBS.jpg <-- pk_ISKCON /prod/images/worldwide/centres connecticutJBS.jpg
2003.11.23 18:42 B C:\Sites\iskcon.com_v3\images\worldwide\centres\dallasGN.jpg <-- pk_ISKCON /prod/images/worldwide/centres dallasGN.jpg
2003.11.23 18:42 B C:\Sites\iskcon.com_v3\images\worldwide\centres\dallasjag.jpg <-- pk_ISKCON /prod/images/worldwide/centres dallasjag.jpg
2003.11.23 18:42 B C:\Sites\iskcon.com_v3\images\worldwide\centres\dallasRGov.jpg <-- pk_ISKCON /prod/images/worldwide/centres dallasRGov.jpg
2003.11.23 18:42 B C:\Sites\iskcon.com_v3\images\worldwide\centres\dallasRkal.jpg <-- pk_ISKCON /prod/images/worldwide/centres dallasRkal.jpg
2003.11.23 18:42 B C:\Sites\iskcon.com_v3\images\worldwide\centres\Edmonton_Radha_Govindaji.jp.jpg <-- pk_ISKCON /prod/images/worldwide/centres Edmonton_Radha_Govindaji.jp.jpg
2003.11.23 18:42 B C:\Sites\iskcon.com_v3\images\worldwide\centres\edmontontemple.jpg <-- pk_ISKCON /prod/images/worldwide/centres edmontontemple.jpg
2003.11.23 18:42 B C:\Sites\iskcon.com_v3\images\worldwide\centres\gainesvillekrishnahouse.jpg <-- pk_ISKCON /prod/images/worldwide/centres gainesvillekrishnahouse.jpg
2003.11.23 18:42 B C:\Sites\iskcon.com_v3\images\worldwide\centres\gainesvillemap.gif.gif <-- pk_ISKCON /prod/images/worldwide/centres gainesvillemap.gif.gif
2003.11.23 18:42 B C:\Sites\iskcon.com_v3\images\worldwide\centres\gainesvilletempleroom.jpg <-- pk_ISKCON /prod/images/worldwide/centres gainesvilletempleroom.jpg
2003.11.23 18:42 B C:\Sites\iskcon.com_v3\images\worldwide\centres\gndeity.jpg <-- pk_ISKCON /prod/images/worldwide/centres gndeity.jpg
2003.11.23 18:42 B C:\Sites\iskcon.com_v3\images\worldwide\centres\group5b.jpg <-- pk_ISKCON /prod/images/worldwide/centres group5b.jpg
2003.11.23 18:42 B C:\Sites\iskcon.com_v3\images\worldwide\centres\Guara_Nitai-Deites1(close_u.jpg <-- pk_ISKCON /prod/images/worldwide/centres Guara_Nitai-Deites1(close_u.jpg
2003.11.23 18:42 B C:\Sites\iskcon.com_v3\images\worldwide\centres\Guukulakids.jpg <-- pk_ISKCON /prod/images/worldwide/centres Guukulakids.jpg
2003.11.23 18:42 B C:\Sites\iskcon.com_v3\images\worldwide\centres\honolulumap.gif.gif <-- pk_ISKCON /prod/images/worldwide/centres honolulumap.gif.gif
2003.11.23 18:42 B C:\Sites\iskcon.com_v3\images\worldwide\centres\honulufood4life.jpg <-- pk_ISKCON /prod/images/worldwide/centres honulufood4life.jpg
2003.11.23 18:42 B C:\Sites\iskcon.com_v3\images\worldwide\centres\honululbuffet.jpg <-- pk_ISKCON /prod/images/worldwide/centres honululbuffet.jpg
2003.11.23 18:42 B C:\Sites\iskcon.com_v3\images\worldwide\centres\housontRGD.jpg <-- pk_ISKCON /prod/images/worldwide/centres housontRGD.jpg
2003.11.23 18:42 B C:\Sites\iskcon.com_v3\images\worldwide\centres\houstonGN.jpg <-- pk_ISKCON /prod/images/worldwide/centres houstonGN.jpg
2003.11.23 18:42 B C:\Sites\iskcon.com_v3\images\worldwide\centres\houstonRNM.jpg <-- pk_ISKCON /prod/images/worldwide/centres houstonRNM.jpg
2003.11.23 18:42 B C:\Sites\iskcon.com_v3\images\worldwide\centres\houstontemple.jpg <-- pk_ISKCON /prod/images/worldwide/centres houstontemple.jpg
2003.11.23 18:42 B C:\Sites\iskcon.com_v3\images\worldwide\centres\houstontempleroom.jpg <-- pk_ISKCON /prod/images/worldwide/centres houstontempleroom.jpg
2003.11.23 18:42 B C:\Sites\iskcon.com_v3\images\worldwide\centres\leicester_harinama.jpg <-- pk_ISKCON /prod/images/worldwide/centres leicester_harinama.jpg
2003.11.23 18:42 B C:\Sites\iskcon.com_v3\images\worldwide\centres\leicesterdrama.jpg <-- pk_ISKCON /prod/images/worldwide/centres leicesterdrama.jpg
2003.11.23 18:42 B C:\Sites\iskcon.com_v3\images\worldwide\centres\leicesterGG.jpg <-- pk_ISKCON /prod/images/worldwide/centres leicesterGG.jpg
2003.11.23 18:42 B C:\Sites\iskcon.com_v3\images\worldwide\centres\leicesterPT.jpg <-- pk_ISKCON /prod/images/worldwide/centres leicesterPT.jpg
2003.11.23 18:42 B C:\Sites\iskcon.com_v3\images\worldwide\centres\london.jpg <-- pk_ISKCON /prod/images/worldwide/centres london.jpg
2003.11.23 18:42 B C:\Sites\iskcon.com_v3\images\worldwide\centres\lotus3.jpg <-- pk_ISKCON /prod/images/worldwide/centres lotus3.jpg
2003.11.23 18:42 B C:\Sites\iskcon.com_v3\images\worldwide\centres\madhava.jpg <-- pk_ISKCON /prod/images/worldwide/centres madhava.jpg
2003.11.23 18:42 B C:\Sites\iskcon.com_v3\images\worldwide\centres\manor.jpg <-- pk_ISKCON /prod/images/worldwide/centres manor.jpg
2003.11.23 18:43 B C:\Sites\iskcon.com_v3\images\worldwide\centres\map.gif.gif <-- pk_ISKCON /prod/images/worldwide/centres map.gif.gif
2003.11.23 18:43 B C:\Sites\iskcon.com_v3\images\worldwide\centres\mayapur.jpg <-- pk_ISKCON /prod/images/worldwide/centres mayapur.jpg
2003.11.23 18:43 B C:\Sites\iskcon.com_v3\images\worldwide\centres\melbourne.jpg <-- pk_ISKCON /prod/images/worldwide/centres melbourne.jpg
2003.11.23 18:43 B C:\Sites\iskcon.com_v3\images\worldwide\centres\Murwillimbah.jpg <-- pk_ISKCON /prod/images/worldwide/centres Murwillimbah.jpg
2003.11.23 18:43 B C:\Sites\iskcon.com_v3\images\worldwide\centres\Natha_Ji_w.jpg <-- pk_ISKCON /prod/images/worldwide/centres Natha_Ji_w.jpg
2003.11.23 18:43 B C:\Sites\iskcon.com_v3\images\worldwide\centres\newgolokaschool.jpg <-- pk_ISKCON /prod/images/worldwide/centres newgolokaschool.jpg
2003.11.23 18:43 B C:\Sites\iskcon.com_v3\images\worldwide\centres\newvrindabangaurad.jpg <-- pk_ISKCON /prod/images/worldwide/centres newvrindabangaurad.jpg
2003.11.23 18:43 B C:\Sites\iskcon.com_v3\images\worldwide\centres\newvrindabangopald.jpg <-- pk_ISKCON /prod/images/worldwide/centres newvrindabangopald.jpg
2003.11.23 18:43 B C:\Sites\iskcon.com_v3\images\worldwide\centres\newvrindabanjagad.jpg <-- pk_ISKCON /prod/images/worldwide/centres newvrindabanjagad.jpg
2003.11.23 18:43 B C:\Sites\iskcon.com_v3\images\worldwide\centres\newvrindabannrsimd.jpg <-- pk_ISKCON /prod/images/worldwide/centres newvrindabannrsimd.jpg
2003.11.23 18:43 B C:\Sites\iskcon.com_v3\images\worldwide\centres\newvrindabanrvcd.jpg <-- pk_ISKCON /prod/images/worldwide/centres newvrindabanrvcd.jpg
2003.11.23 18:43 B C:\Sites\iskcon.com_v3\images\worldwide\centres\newvrindabantemple.jpg <-- pk_ISKCON /prod/images/worldwide/centres newvrindabantemple.jpg
2003.11.23 18:43 B C:\Sites\iskcon.com_v3\images\worldwide\centres\newvrindabantempleroom.jpg <-- pk_ISKCON /prod/images/worldwide/centres newvrindabantempleroom.jpg
2003.11.23 18:43 B C:\Sites\iskcon.com_v3\images\worldwide\centres\perth.jpg <-- pk_ISKCON /prod/images/worldwide/centres perth.jpg
2003.11.23 18:43 B C:\Sites\iskcon.com_v3\images\worldwide\centres\perth_location_map.gif <-- pk_ISKCON /prod/images/worldwide/centres perth_location_map.gif
2003.11.23 18:43 B C:\Sites\iskcon.com_v3\images\worldwide\centres\Perth_Temple_thumb.jpg <-- pk_ISKCON /prod/images/worldwide/centres Perth_Temple_thumb.jpg
2003.11.23 18:43 B C:\Sites\iskcon.com_v3\images\worldwide\centres\prabhupadaspalace.jpg <-- pk_ISKCON /prod/images/worldwide/centres prabhupadaspalace.jpg
2003.11.23 18:43 B C:\Sites\iskcon.com_v3\images\worldwide\centres\Prabhuvi.jpg <-- pk_ISKCON /prod/images/worldwide/centres Prabhuvi.jpg
2003.11.23 18:43 B C:\Sites\iskcon.com_v3\images\worldwide\centres\Radha_Madhav_w.jpg <-- pk_ISKCON /prod/images/worldwide/centres Radha_Madhav_w.jpg
2003.11.23 18:43 B C:\Sites\iskcon.com_v3\images\worldwide\centres\Radhadesh.jpg <-- pk_ISKCON /prod/images/worldwide/centres Radhadesh.jpg
2003.11.23 18:43 B C:\Sites\iskcon.com_v3\images\worldwide\centres\radhadeshSSJBS.jpg <-- pk_ISKCON /prod/images/worldwide/centres radhadeshSSJBS.jpg
2003.11.23 18:43 B C:\Sites\iskcon.com_v3\images\worldwide\centres\radhadeshtemple.jpg <-- pk_ISKCON /prod/images/worldwide/centres radhadeshtemple.jpg
2003.11.23 18:43 B C:\Sites\iskcon.com_v3\images\worldwide\centres\radhadeshtempleroom.jpg <-- pk_ISKCON /prod/images/worldwide/centres radhadeshtempleroom.jpg
2003.11.23 18:43 B C:\Sites\iskcon.com_v3\images\worldwide\centres\rg_manor.jpg <-- pk_ISKCON /prod/images/worldwide/centres rg_manor.jpg
2003.11.23 18:43 B C:\Sites\iskcon.com_v3\images\worldwide\centres\rks.jpg <-- pk_ISKCON /prod/images/worldwide/centres rks.jpg
2003.11.23 18:43 B C:\Sites\iskcon.com_v3\images\worldwide\centres\slagudi.jpg <-- pk_ISKCON /prod/images/worldwide/centres slagudi.jpg
2003.11.23 18:43 B C:\Sites\iskcon.com_v3\images\worldwide\centres\srl_manor.jpg <-- pk_ISKCON /prod/images/worldwide/centres srl_manor.jpg
2003.11.23 18:43 B C:\Sites\iskcon.com_v3\images\worldwide\centres\worldwide.jpg <-- pk_ISKCON /prod/images/worldwide/centres worldwide.jpg
2003.11.23 18:43 B C:\Sites\iskcon.com_v3\images\worldwide\centres\yard2.jpg <-- pk_ISKCON /prod/images/worldwide/centres yard2.jpg
2003.11.23 18:43 B C:\Sites\iskcon.com_v3\images\worldwide\centres\zurich.jpg <-- pk_ISKCON /prod/images/worldwide/centres zurich.jpg
2003.12.10 11:12 B C:\Sites\iskcon.com_v3\images\worldwide\centres\brooklyn-map.gif --> ftp.iskcon.com /iskcon.com/prod/images/worldwide/centres brooklyn-map.gif
2003.12.10 11:12 B C:\Sites\iskcon.com_v3\images\worldwide\centres\brooklyndeities.jpg --> ftp.iskcon.com /iskcon.com/prod/images/worldwide/centres brooklyndeities.jpg
2003.12.10 11:12 B C:\Sites\iskcon.com_v3\images\worldwide\centres\columbusRN.jpg --> ftp.iskcon.com /iskcon.com/prod/images/worldwide/centres columbusRN.jpg
2003.12.10 11:12 B C:\Sites\iskcon.com_v3\images\worldwide\centres\connecticutJBS.jpg --> ftp.iskcon.com /iskcon.com/prod/images/worldwide/centres connecticutJBS.jpg
2003.12.10 11:12 B C:\Sites\iskcon.com_v3\images\worldwide\centres\dallasRkal.jpg --> ftp.iskcon.com /iskcon.com/prod/images/worldwide/centres dallasRkal.jpg
2003.12.10 11:12 B C:\Sites\iskcon.com_v3\images\worldwide\centres\leicester_harinama.jpg --> ftp.iskcon.com /iskcon.com/prod/images/worldwide/centres leicester_harinama.jpg
2003.12.10 11:12 B C:\Sites\iskcon.com_v3\images\worldwide\centres\leicesterdrama.jpg --> ftp.iskcon.com /iskcon.com/prod/images/worldwide/centres leicesterdrama.jpg
2003.12.10 11:12 B C:\Sites\iskcon.com_v3\images\worldwide\centres\leicesterGG.jpg --> ftp.iskcon.com /iskcon.com/prod/images/worldwide/centres leicesterGG.jpg
2003.12.10 11:12 B C:\Sites\iskcon.com_v3\images\worldwide\centres\leicesterPT.jpg --> ftp.iskcon.com /iskcon.com/prod/images/worldwide/centres leicesterPT.jpg
2003.12.10 11:12 B C:\Sites\iskcon.com_v3\images\worldwide\centres\manor.jpg --> ftp.iskcon.com /iskcon.com/prod/images/worldwide/centres manor.jpg
2003.12.10 11:12 B C:\Sites\iskcon.com_v3\images\worldwide\centres\rg_manor.jpg --> ftp.iskcon.com /iskcon.com/prod/images/worldwide/centres rg_manor.jpg
2003.12.10 11:12 B C:\Sites\iskcon.com_v3\images\worldwide\centres\srl_manor.jpg --> ftp.iskcon.com /iskcon.com/prod/images/worldwide/centres srl_manor.jpg
2003.12.10 11:12 B C:\Sites\iskcon.com_v3\images\worldwide\centres\WS_FTP.LOG --> ftp.iskcon.com /iskcon.com/prod/images/worldwide/centres WS_FTP.LOG
2003.12.10 11:44 B C:\Sites\iskcon.com_v3\images\worldwide\centres\WS_FTP.LOG --> ftp.iskcon.com /iskcon.com/prod/images/worldwide/centres WS_FTP.LOG
2003.12.10 11:46 B C:\Sites\iskcon.com_v3\images\worldwide\centres\WS_FTP.LOG --> ftp.iskcon.com /iskcon.com/prod/images/worldwide/centres WS_FTP.LOG
2003.12.31 11:34 B C:\Sites\iskcon.com_v3\images\worldwide\centres\WS_FTP.LOG --> ftp.iskcon.com /iskcon.com/prod/images/worldwide/centres WS_FTP.LOG
