2003.11.23 18:36 B C:\Sites\iskcon.com_v3\images\bg_gal_new\01.jpg <-- pk_ISKCON /prod/images/bg_gal_new 01.jpg
2003.11.23 18:36 B C:\Sites\iskcon.com_v3\images\bg_gal_new\02.jpg <-- pk_ISKCON /prod/images/bg_gal_new 02.jpg
2003.11.23 18:36 B C:\Sites\iskcon.com_v3\images\bg_gal_new\03.jpg <-- pk_ISKCON /prod/images/bg_gal_new 03.jpg
2003.11.23 18:36 B C:\Sites\iskcon.com_v3\images\bg_gal_new\05.jpg <-- pk_ISKCON /prod/images/bg_gal_new 05.jpg
2003.11.23 18:36 B C:\Sites\iskcon.com_v3\images\bg_gal_new\06.jpg <-- pk_ISKCON /prod/images/bg_gal_new 06.jpg
2003.11.23 18:36 B C:\Sites\iskcon.com_v3\images\bg_gal_new\07.jpg <-- pk_ISKCON /prod/images/bg_gal_new 07.jpg
2003.11.23 18:36 B C:\Sites\iskcon.com_v3\images\bg_gal_new\08.jpg <-- pk_ISKCON /prod/images/bg_gal_new 08.jpg
2003.11.23 18:36 B C:\Sites\iskcon.com_v3\images\bg_gal_new\09.jpg <-- pk_ISKCON /prod/images/bg_gal_new 09.jpg
2003.11.23 18:36 B C:\Sites\iskcon.com_v3\images\bg_gal_new\10.jpg <-- pk_ISKCON /prod/images/bg_gal_new 10.jpg
2003.11.23 18:36 B C:\Sites\iskcon.com_v3\images\bg_gal_new\11.jpg <-- pk_ISKCON /prod/images/bg_gal_new 11.jpg
2003.11.23 18:36 B C:\Sites\iskcon.com_v3\images\bg_gal_new\12.jpg <-- pk_ISKCON /prod/images/bg_gal_new 12.jpg
2003.11.23 18:36 B C:\Sites\iskcon.com_v3\images\bg_gal_new\13.jpg <-- pk_ISKCON /prod/images/bg_gal_new 13.jpg
2003.11.23 18:36 B C:\Sites\iskcon.com_v3\images\bg_gal_new\14.jpg <-- pk_ISKCON /prod/images/bg_gal_new 14.jpg
2003.11.23 18:36 B C:\Sites\iskcon.com_v3\images\bg_gal_new\15.jpg <-- pk_ISKCON /prod/images/bg_gal_new 15.jpg
2003.11.23 18:36 B C:\Sites\iskcon.com_v3\images\bg_gal_new\16.jpg <-- pk_ISKCON /prod/images/bg_gal_new 16.jpg
2003.11.23 18:36 B C:\Sites\iskcon.com_v3\images\bg_gal_new\17.jpg <-- pk_ISKCON /prod/images/bg_gal_new 17.jpg
2003.11.23 18:36 B C:\Sites\iskcon.com_v3\images\bg_gal_new\18.jpg <-- pk_ISKCON /prod/images/bg_gal_new 18.jpg
2003.11.23 18:36 B C:\Sites\iskcon.com_v3\images\bg_gal_new\19.jpg <-- pk_ISKCON /prod/images/bg_gal_new 19.jpg
2003.11.23 18:36 B C:\Sites\iskcon.com_v3\images\bg_gal_new\20.jpg <-- pk_ISKCON /prod/images/bg_gal_new 20.jpg
2003.11.23 18:36 B C:\Sites\iskcon.com_v3\images\bg_gal_new\21.jpg <-- pk_ISKCON /prod/images/bg_gal_new 21.jpg
2003.11.23 18:36 B C:\Sites\iskcon.com_v3\images\bg_gal_new\22.jpg <-- pk_ISKCON /prod/images/bg_gal_new 22.jpg
2003.11.23 18:36 B C:\Sites\iskcon.com_v3\images\bg_gal_new\23.jpg <-- pk_ISKCON /prod/images/bg_gal_new 23.jpg
2003.11.23 18:36 B C:\Sites\iskcon.com_v3\images\bg_gal_new\24.jpg <-- pk_ISKCON /prod/images/bg_gal_new 24.jpg
2003.11.23 18:36 B C:\Sites\iskcon.com_v3\images\bg_gal_new\25_26.jpg <-- pk_ISKCON /prod/images/bg_gal_new 25_26.jpg
2003.11.23 18:37 B C:\Sites\iskcon.com_v3\images\bg_gal_new\27.jpg <-- pk_ISKCON /prod/images/bg_gal_new 27.jpg
2003.11.23 18:37 B C:\Sites\iskcon.com_v3\images\bg_gal_new\28.jpg <-- pk_ISKCON /prod/images/bg_gal_new 28.jpg
2003.11.23 18:37 B C:\Sites\iskcon.com_v3\images\bg_gal_new\29.jpg <-- pk_ISKCON /prod/images/bg_gal_new 29.jpg
2003.11.23 18:37 B C:\Sites\iskcon.com_v3\images\bg_gal_new\cover.jpg <-- pk_ISKCON /prod/images/bg_gal_new cover.jpg
2003.11.23 18:37 B C:\Sites\iskcon.com_v3\images\bg_gal_new\pk_thumb01.jpg <-- pk_ISKCON /prod/images/bg_gal_new pk_thumb01.jpg
2003.11.23 18:37 B C:\Sites\iskcon.com_v3\images\bg_gal_new\pk_thumb02.jpg <-- pk_ISKCON /prod/images/bg_gal_new pk_thumb02.jpg
2003.11.23 18:37 B C:\Sites\iskcon.com_v3\images\bg_gal_new\pk_thumb03.jpg <-- pk_ISKCON /prod/images/bg_gal_new pk_thumb03.jpg
2003.11.23 18:37 B C:\Sites\iskcon.com_v3\images\bg_gal_new\pk_thumb05.jpg <-- pk_ISKCON /prod/images/bg_gal_new pk_thumb05.jpg
2003.11.23 18:37 B C:\Sites\iskcon.com_v3\images\bg_gal_new\pk_thumb06.jpg <-- pk_ISKCON /prod/images/bg_gal_new pk_thumb06.jpg
2003.11.23 18:37 B C:\Sites\iskcon.com_v3\images\bg_gal_new\pk_thumb07.jpg <-- pk_ISKCON /prod/images/bg_gal_new pk_thumb07.jpg
2003.11.23 18:37 B C:\Sites\iskcon.com_v3\images\bg_gal_new\pk_thumb08.jpg <-- pk_ISKCON /prod/images/bg_gal_new pk_thumb08.jpg
2003.11.23 18:37 B C:\Sites\iskcon.com_v3\images\bg_gal_new\pk_thumb09.jpg <-- pk_ISKCON /prod/images/bg_gal_new pk_thumb09.jpg
2003.11.23 18:37 B C:\Sites\iskcon.com_v3\images\bg_gal_new\pk_thumb10.jpg <-- pk_ISKCON /prod/images/bg_gal_new pk_thumb10.jpg
2003.11.23 18:37 B C:\Sites\iskcon.com_v3\images\bg_gal_new\pk_thumb11.jpg <-- pk_ISKCON /prod/images/bg_gal_new pk_thumb11.jpg
2003.11.23 18:37 B C:\Sites\iskcon.com_v3\images\bg_gal_new\pk_thumb12.jpg <-- pk_ISKCON /prod/images/bg_gal_new pk_thumb12.jpg
2003.11.23 18:37 B C:\Sites\iskcon.com_v3\images\bg_gal_new\pk_thumb13.jpg <-- pk_ISKCON /prod/images/bg_gal_new pk_thumb13.jpg
2003.11.23 18:37 B C:\Sites\iskcon.com_v3\images\bg_gal_new\pk_thumb14.jpg <-- pk_ISKCON /prod/images/bg_gal_new pk_thumb14.jpg
2003.11.23 18:37 B C:\Sites\iskcon.com_v3\images\bg_gal_new\pk_thumb15.jpg <-- pk_ISKCON /prod/images/bg_gal_new pk_thumb15.jpg
2003.11.23 18:37 B C:\Sites\iskcon.com_v3\images\bg_gal_new\pk_thumb16.jpg <-- pk_ISKCON /prod/images/bg_gal_new pk_thumb16.jpg
2003.11.23 18:37 B C:\Sites\iskcon.com_v3\images\bg_gal_new\pk_thumb17.jpg <-- pk_ISKCON /prod/images/bg_gal_new pk_thumb17.jpg
2003.11.23 18:37 B C:\Sites\iskcon.com_v3\images\bg_gal_new\pk_thumb18.jpg <-- pk_ISKCON /prod/images/bg_gal_new pk_thumb18.jpg
2003.11.23 18:37 B C:\Sites\iskcon.com_v3\images\bg_gal_new\pk_thumb19.jpg <-- pk_ISKCON /prod/images/bg_gal_new pk_thumb19.jpg
2003.11.23 18:37 B C:\Sites\iskcon.com_v3\images\bg_gal_new\pk_thumb20.jpg <-- pk_ISKCON /prod/images/bg_gal_new pk_thumb20.jpg
2003.11.23 18:37 B C:\Sites\iskcon.com_v3\images\bg_gal_new\pk_thumb21.jpg <-- pk_ISKCON /prod/images/bg_gal_new pk_thumb21.jpg
2003.11.23 18:37 B C:\Sites\iskcon.com_v3\images\bg_gal_new\pk_thumb22.jpg <-- pk_ISKCON /prod/images/bg_gal_new pk_thumb22.jpg
2003.11.23 18:37 B C:\Sites\iskcon.com_v3\images\bg_gal_new\pk_thumb23.jpg <-- pk_ISKCON /prod/images/bg_gal_new pk_thumb23.jpg
2003.11.23 18:37 B C:\Sites\iskcon.com_v3\images\bg_gal_new\pk_thumb24.jpg <-- pk_ISKCON /prod/images/bg_gal_new pk_thumb24.jpg
2003.11.23 18:37 B C:\Sites\iskcon.com_v3\images\bg_gal_new\pk_thumb25_26.jpg <-- pk_ISKCON /prod/images/bg_gal_new pk_thumb25_26.jpg
2003.11.23 18:37 B C:\Sites\iskcon.com_v3\images\bg_gal_new\pk_thumb27.jpg <-- pk_ISKCON /prod/images/bg_gal_new pk_thumb27.jpg
2003.11.23 18:37 B C:\Sites\iskcon.com_v3\images\bg_gal_new\pk_thumb28.jpg <-- pk_ISKCON /prod/images/bg_gal_new pk_thumb28.jpg
2003.11.23 18:37 B C:\Sites\iskcon.com_v3\images\bg_gal_new\pk_thumb29.jpg <-- pk_ISKCON /prod/images/bg_gal_new pk_thumb29.jpg
2003.11.23 18:37 B C:\Sites\iskcon.com_v3\images\bg_gal_new\shim.gif <-- pk_ISKCON /prod/images/bg_gal_new shim.gif
2003.12.10 11:11 B C:\Sites\iskcon.com_v3\images\bg_gal_new\WS_FTP.LOG --> ftp.iskcon.com /iskcon.com/prod/images/bg_gal_new WS_FTP.LOG
2003.12.31 11:33 B C:\Sites\iskcon.com_v3\images\bg_gal_new\WS_FTP.LOG --> ftp.iskcon.com /iskcon.com/prod/images/bg_gal_new WS_FTP.LOG
